0 info it worked if it ends with ok
1 verbose cli [ '/usr/local/Cellar/node/0.8.18/bin/node',
1 verbose cli   '/usr/local/bin/npm',
1 verbose cli   'start' ]
2 info using npm@1.2.2
3 info using node@v0.8.18
4 verbose read json /Users/bmschell/Projects/MLS/experimonth.lifeandscience.org/package.json
5 warn package.json experimonth-registration-system@0.1.0 No README.md file found!
6 verbose run-script [ 'prestart', 'start', 'poststart' ]
7 info prestart experimonth-registration-system@0.1.0
8 info start experimonth-registration-system@0.1.0
9 verbose unsafe-perm in lifecycle true
10 silly exec sh "-c" "node app.js"
11 silly sh,-c,node app.js,/Users/bmschell/Projects/MLS/experimonth.lifeandscience.org spawning
12 info experimonth-registration-system@0.1.0 Failed to exec start script
13 error experimonth-registration-system@0.1.0 start: `node app.js`
13 error `sh "-c" "node app.js"` failed with 1
14 error Failed at the experimonth-registration-system@0.1.0 start script.
14 error This is most likely a problem with the experimonth-registration-system package,
14 error not with npm itself.
14 error Tell the author that this fails on your system:
14 error     node app.js
14 error You can get their info via:
14 error     npm owner ls experimonth-registration-system
14 error There is likely additional logging output above.
15 error System Darwin 12.3.0
16 error command "/usr/local/Cellar/node/0.8.18/bin/node" "/usr/local/bin/npm" "start"
17 error cwd /Users/bmschell/Projects/MLS/experimonth.lifeandscience.org
18 error node -v v0.8.18
19 error npm -v 1.2.2
20 error code ELIFECYCLE
21 verbose exit [ 1, true ]
